<?xml version="1.0" encoding="UTF-8"?>
<!-- Generated by org.testng.reporters.JUnitReportReporter -->
<testsuite hostname="Sivanesh" failures="0" tests="9" name="tatacliqproject.tata_cliq" time="77.336" errors="0" timestamp="27 Nov 2022 18:22:52 GMT">
  <testcase classname="tatacliqproject.tata_cliq" name="tc_05" time="10.033"/>
  <testcase classname="tatacliqproject.tata_cliq" name="tc_08" time="9.555"/>
  <testcase classname="tatacliqproject.tata_cliq" name="tc_09" time="12.423"/>
  <testcase classname="tatacliqproject.tata_cliq" name="tc_06" time="9.762"/>
  <testcase classname="tatacliqproject.tata_cliq" name="tc_02" time="6.211"/>
  <testcase classname="tatacliqproject.tata_cliq" name="tc_03" time="6.366"/>
  <testcase classname="tatacliqproject.tata_cliq" name="tc_01" time="6.222"/>
  <testcase classname="tatacliqproject.tata_cliq" name="tc_04" time="7.041"/>
  <testcase classname="tatacliqproject.tata_cliq" name="tc_07" time="9.723"/>
</testsuite> <!-- tatacliqproject.tata_cliq -->
